\BOOKMARK [0][-]{chapter.1}{Documentation Change Log}{}% 1
\BOOKMARK [0][-]{chapter.2}{Project Description}{}% 2
\BOOKMARK [1][-]{section.2.1}{The General Principle}{chapter.2}% 3
\BOOKMARK [1][-]{section.2.2}{Primjeri u LaTeXu}{chapter.2}% 4
\BOOKMARK [0][-]{chapter.3}{Software Specification}{}% 5
\BOOKMARK [1][-]{section.3.1}{Funkcionalni zahtjevi}{chapter.3}% 6
\BOOKMARK [2][-]{subsection.3.1.1}{Obrasci uporabe}{section.3.1}% 7
\BOOKMARK [2][-]{subsection.3.1.2}{Sekvencijski dijagrami}{section.3.1}% 8
\BOOKMARK [1][-]{section.3.2}{Ostali zahtjevi}{chapter.3}% 9
\BOOKMARK [0][-]{chapter.4}{Architecture and System Design}{}% 10
\BOOKMARK [1][-]{section.4.1}{Baza podataka}{chapter.4}% 11
\BOOKMARK [2][-]{subsection.4.1.1}{Opis tablica}{section.4.1}% 12
\BOOKMARK [2][-]{subsection.4.1.2}{Dijagram baze podataka}{section.4.1}% 13
\BOOKMARK [1][-]{section.4.2}{Dijagram razreda}{chapter.4}% 14
\BOOKMARK [1][-]{section.4.3}{Dijagram stanja}{chapter.4}% 15
\BOOKMARK [1][-]{section.4.4}{Dijagram aktivnosti}{chapter.4}% 16
\BOOKMARK [1][-]{section.4.5}{Dijagram komponenti}{chapter.4}% 17
\BOOKMARK [0][-]{chapter.5}{Implementation and User Interface}{}% 18
\BOOKMARK [1][-]{section.5.1}{Korištene tehnologije i alati}{chapter.5}% 19
\BOOKMARK [1][-]{section.5.2}{Ispitivanje programskog rješenja}{chapter.5}% 20
\BOOKMARK [2][-]{subsection.5.2.1}{Ispitivanje komponenti}{section.5.2}% 21
\BOOKMARK [2][-]{subsection.5.2.2}{Ispitivanje sustava}{section.5.2}% 22
\BOOKMARK [1][-]{section.5.3}{Dijagram razmještaja}{chapter.5}% 23
\BOOKMARK [1][-]{section.5.4}{Upute za puštanje u pogon}{chapter.5}% 24
\BOOKMARK [0][-]{chapter.6}{Conclusion and Outline of Planned Future Work}{}% 25
\BOOKMARK [0][-]{chapter*.4}{Popis literature}{}% 26
\BOOKMARK [0][-]{chapter*.5}{Image and diagram index}{}% 27
\BOOKMARK [0][-]{chapter*.6}{Dodatak: Prikaz aktivnosti grupe}{}% 28
